2019-05-01 Wednesday 17:18:26  bipartite_graph_data_loader.py : 20 : INFO  BipartiteGraphDataLoader __init__().
2019-05-01 Wednesday 17:18:26  bipartite_graph_data_loader.py : 27 : INFO  group_u_list_file_path = ./../data/Tencent-QQ/node_list
2019-05-01 Wednesday 17:18:26  bipartite_graph_data_loader.py : 28 : INFO  group_u_attr_file_path = ./../data/Tencent-QQ/node_attr
2019-05-01 Wednesday 17:18:26  bipartite_graph_data_loader.py : 29 : INFO  group_u_label_file_path = ./../data/Tencent-QQ/node_true
2019-05-01 Wednesday 17:18:26  bipartite_graph_data_loader.py : 31 : INFO  edge_list_file_path = ./../data/Tencent-QQ/edgelist
2019-05-01 Wednesday 17:18:26  bipartite_graph_data_loader.py : 33 : INFO  group_v_list_file_path = ./../data/Tencent-QQ/group_list
2019-05-01 Wednesday 17:18:26  bipartite_graph_data_loader.py : 34 : INFO  group_v_attr_file_path = ./../data/Tencent-QQ/group_attr
2019-05-01 Wednesday 17:18:26  bipartite_graph_data_loader.py : 35 : INFO  group_v_label_file_path = None
2019-05-01 Wednesday 17:18:26  bipartite_graph_data_loader.py : 61 : INFO  BipartiteGraphDataLoader __init__(). END
2019-05-01 Wednesday 17:18:26  bipartite_graph_data_loader.py : 79 : INFO  ##### generate_adjacent_matrix_feature_and_labels. START
2019-05-01 Wednesday 17:18:46  bipartite_graph_data_loader.py : 171 : INFO  before merging with u_list, the len is = 1089436
2019-05-01 Wednesday 17:18:47  bipartite_graph_data_loader.py : 179 : INFO  after merging with u_list, the len is = 1089436
2019-05-01 Wednesday 17:18:48  bipartite_graph_data_loader.py : 82 : INFO  u_attribute = (1089436, 8): [[9.97789892e-01 5.19000000e-01 2.94396130e-04 1.00000000e+00
  1.66732932e-04 1.67461930e-04 5.33441927e-03 1.32652081e-07]
 [1.15072934e-01 9.00000000e-03 4.69442477e-04 9.66666667e-01
  3.37516057e-06 6.52449076e-06 8.97538312e-02 1.02040062e-07]
 [2.16295860e-01 4.53333333e-02 1.76637678e-03 9.00000000e-01
  0.00000000e+00 1.42451382e-03 0.00000000e+00 5.25506322e-06]
 [3.17518786e-01 8.80000000e-02 2.74186233e-02 1.00000000e+00
  0.00000000e+00 1.42016416e-03 0.00000000e+00 6.84688819e-06]
 [3.06320908e-01 1.66666667e-03 1.27306435e-04 1.00000000e-01
  0.00000000e+00 0.00000000e+00 0.00000000e+00 1.01233946e-04]
 [6.14704582e-01 1.07666667e-01 9.79463881e-03 1.00000000e+00
  1.41756744e-05 9.88025385e-03 9.25511909e-06 3.21528237e-05]
 [4.10195963e-01 3.54666667e-01 5.99931573e-03 1.00000000e+00
  6.68281794e-05 1.34861224e-02 1.21473438e-05 3.26936360e-05]
 [7.67054663e-01 3.23333333e-01 2.00507634e-03 9.00000000e-01
  4.22570104e-04 1.06566682e-04 9.94925303e-05 7.14280437e-08]
 [4.54250774e-01 1.04333333e-01 2.95987460e-03 9.66666667e-01
  0.00000000e+00 2.03564112e-03 0.00000000e+00 4.95914704e-06]
 [7.67644025e-02 2.93333333e-02 1.77115077e-02 1.00000000e+00
  0.00000000e+00 5.13912389e-03 0.00000000e+00 4.90404540e-05]
 [5.58420510e-01 2.12333333e-01 9.26949977e-03 1.00000000e+00
  5.60276655e-05 2.69939931e-02 1.15688989e-06 3.53466776e-05]]
2019-05-01 Wednesday 17:18:49  bipartite_graph_data_loader.py : 249 : INFO  count_no_attribute = 89682
2019-05-01 Wednesday 17:18:49  bipartite_graph_data_loader.py : 250 : INFO  count_10 = 124
2019-05-01 Wednesday 17:18:49  bipartite_graph_data_loader.py : 251 : INFO  count_14 = 134
2019-05-01 Wednesday 17:18:49  bipartite_graph_data_loader.py : 252 : INFO  count_15 = 18997
2019-05-01 Wednesday 17:18:49  bipartite_graph_data_loader.py : 253 : INFO  count_16 = 30893
2019-05-01 Wednesday 17:18:49  bipartite_graph_data_loader.py : 254 : INFO  count_17 = 40023
2019-05-01 Wednesday 17:18:49  bipartite_graph_data_loader.py : 255 : INFO  count_more_than_17 = 0
2019-05-01 Wednesday 17:18:49  bipartite_graph_data_loader.py : 256 : INFO  count_all = 179853
2019-05-01 Wednesday 17:18:49  bipartite_graph_data_loader.py : 268 : INFO  before merging with v_list, the len is = 90047
2019-05-01 Wednesday 17:18:49  bipartite_graph_data_loader.py : 276 : INFO  after merging with v_list, the len is = 90047
2019-05-01 Wednesday 17:18:50  bipartite_graph_data_loader.py : 86 : INFO  v_attribute = (90047, 16): [[2.00000000e-01 1.79800000e-01 9.38502359e-01 9.99999711e-01
  5.65306103e-03 1.80360721e-02 5.72994519e-03 5.04493400e-03
  1.96833289e-03 7.04416147e-03 4.00508582e-02 2.87607853e-03
  5.29411765e-01 1.60177976e-01 4.84375000e-01 0.00000000e+00]
 [1.00000000e-01 5.64000000e-02 9.85003389e-01 9.99999406e-01
  9.74082063e-04 4.00801603e-03 5.23168909e-03 3.91034912e-04
  1.88710610e-03 1.83398287e-03 2.38397966e-03 1.68813305e-03
  5.58823529e-01 1.63120567e-01 5.18229167e-01 0.00000000e+00]]
2019-05-01 Wednesday 17:18:53  bipartite_graph_data_loader.py : 99 : INFO  raw edge_list len = 1979756
2019-05-01 Wednesday 17:18:53  bipartite_graph_data_loader.py : 100 : INFO  edge_list len = 991734
2019-05-01 Wednesday 17:18:54  bipartite_graph_data_loader.py : 290 : INFO  group U length = 619030
2019-05-01 Wednesday 17:18:54  bipartite_graph_data_loader.py : 291 : INFO  group V length = 90044
2019-05-01 Wednesday 17:18:54  bipartite_graph_data_loader.py : 106 : INFO  u_list len = 619030. [1, 139467, 253828, 358861, 461403, 338688, 262114, 758671, 855102, 951204, 1045871, 1140045, 1062918]
2019-05-01 Wednesday 17:18:54  bipartite_graph_data_loader.py : 107 : INFO  v_list len = 90044. [0, 48809, 115451, 201816, 309872, 441355, 600161, 795107, 1017863, 1268422]
2019-05-01 Wednesday 17:18:54  bipartite_graph_data_loader.py : 297 : INFO  before filter, the len is = 1089436
2019-05-01 Wednesday 17:18:55  bipartite_graph_data_loader.py : 301 : INFO  after filter, the len is = 619030
2019-05-01 Wednesday 17:18:55  bipartite_graph_data_loader.py : 297 : INFO  before filter, the len is = 90047
2019-05-01 Wednesday 17:18:55  bipartite_graph_data_loader.py : 301 : INFO  after filter, the len is = 90044
2019-05-01 Wednesday 17:18:55  bipartite_graph_data_loader.py : 113 : INFO  u feature shape = (619030, 8)
2019-05-01 Wednesday 17:18:55  bipartite_graph_data_loader.py : 114 : INFO  v feature shape = (90044, 16)
2019-05-01 Wednesday 17:18:55  bipartite_graph_data_loader.py : 305 : INFO  __generate_adjacent_matrix START
2019-05-01 Wednesday 17:18:55  bipartite_graph_data_loader.py : 307 : INFO  u_node_list = 619030
2019-05-01 Wednesday 17:18:55  bipartite_graph_data_loader.py : 308 : INFO  v_node_list = 90044
2019-05-01 Wednesday 17:18:55  bipartite_graph_data_loader.py : 309 : INFO  edge_list = 991734
2019-05-01 Wednesday 17:18:55  bipartite_graph_data_loader.py : 311 : INFO  start to load bipartite for u
2019-05-01 Wednesday 17:19:05  bipartite_graph_data_loader.py : 321 : INFO  (619030, 90044)
2019-05-01 Wednesday 17:19:11  bipartite_graph_data_loader.py : 324 : INFO  end to load bipartite for u
2019-05-01 Wednesday 17:19:11  bipartite_graph_data_loader.py : 326 : INFO  start to load bipartite for u
2019-05-01 Wednesday 17:19:19  bipartite_graph_data_loader.py : 336 : INFO  (90044, 619030)
2019-05-01 Wednesday 17:19:24  bipartite_graph_data_loader.py : 339 : INFO  end to load bipartite for u
2019-05-01 Wednesday 17:19:24  bipartite_graph_data_loader.py : 126 : INFO  #### generate_adjacent_matrix_feature_and_labels. END
