Fri, 17 May 2019 23:30:06 utils.py[line:43] INFO class map loaded
Fri, 17 May 2019 23:30:06 utils.py[line:59] INFO bad nodes removed
Fri, 17 May 2019 23:30:07 utils.py[line:78] INFO Normalized
Fri, 17 May 2019 23:30:07 utils.py[line:93] INFO data all loaded
Fri, 17 May 2019 23:30:07 unsupervised_train.py[line:439] INFO start training
Fri, 17 May 2019 23:30:07 unsupervised_train.py[line:188] INFO edge minibatch
Fri, 17 May 2019 23:30:09 deprecation.py[line:323] WARNING From /Users/apple/Documents/P1_Decentralized_Multitask/Leaf_New_2.0/venv/lib/python3.6/site-packages/tensorflow/python/framework/op_def_library.py:263: colocate_with (from tensorflow.python.framework.ops) is deprecated and will be removed in a future version.
Instructions for updating:
Colocations handled automatically by placer.
Fri, 17 May 2019 23:30:09 unsupervised_train.py[line:198] INFO choose model
Fri, 17 May 2019 23:30:10 deprecation.py[line:506] WARNING From /Users/apple/Documents/P4_Graph/merge_sourcecode/bipartite-graph-learning/GraphSage/graphsage/aggregators.py:46: calling dropout (from tensorflow.python.ops.nn_ops) with keep_prob is deprecated and will be removed in a future version.
Instructions for updating:
Please use `rate` instead of `keep_prob`. Rate should be set to `rate = 1 - keep_prob`.
Fri, 17 May 2019 23:30:11 deprecation.py[line:323] WARNING From /Users/apple/Documents/P4_Graph/merge_sourcecode/bipartite-graph-learning/GraphSage/graphsage/models.py:407: div (from tensorflow.python.ops.math_ops) is deprecated and will be removed in a future version.
Instructions for updating:
Deprecated in favor of operator or tf.math.divide.
Fri, 17 May 2019 23:30:11 deprecation.py[line:323] WARNING From /Users/apple/Documents/P1_Decentralized_Multitask/Leaf_New_2.0/venv/lib/python3.6/site-packages/tensorflow/python/ops/math_ops.py:3066: to_int32 (from tensorflow.python.ops.math_ops) is deprecated and will be removed in a future version.
Instructions for updating:
Use tf.cast instead.
Fri, 17 May 2019 23:30:13 unsupervised_train.py[line:310] INFO training epoch: 1
Fri, 17 May 2019 23:30:33 unsupervised_train.py[line:352] INFO Iter: 0000, train_loss=19.051903, train_mrr=0.248266, train_mrr_ema=0.248266, val_loss=0inf, val_mrr=0nan, val_mrr_ema=0nan, time=19.364604
Fri, 17 May 2019 23:30:33 unsupervised_train.py[line:354] INFO Epochs: 0000, Max epochs: 0001, total_steps: 0000, max_total_steps: 100000000
